{
  "RSpec": {
    "coverage": {
      "/home/mttwright/tic-tac-toe-rb-online-web-sp-000/lib/tic_tac_toe.rb": [
        null,
        1,
        null,
        null,
        null,
        null,
        null,
        null,
        null,
        null,
        null,
        1,
        5,
        5,
        5,
        5,
        5,
        null,
        null,
        1,
        23,
        null,
        null,
        1,
        47,
        null,
        null,
        1,
        45,
        2,
        43,
        1,
        null,
        42,
        null,
        null,
        null,
        1,
        21,
        21,
        189,
        31,
        null,
        null,
        21,
        null,
        null,
        1,
        20,
        14,
        null,
        6,
        null,
        null,
        null,
        1,
        22,
        22,
        null,
        0,
        null,
        null,
        null,
        1,
        20,
        20,
        20,
        20,
        19,
        19,
        null,
        1,
        1,
        null,
        null,
        null,
        1,
        12,
        17,
        null,
        null,
        12,
        5,
        5,
        null,
        null,
        12,
        3,
        null,
        null,
        null,
        1,
        59,
        374,
        374,
        374,
        null,
        374,
        374,
        374,
        null,
        374,
        18,
        null,
        null,
        356,
        6,
        null,
        null,
        35,
        null,
        null,
        1,
        35,
        35,
        315,
        168,
        null,
        null,
        35,
        10,
        null,
        25,
        null,
        null,
        null,
        1,
        34,
        7,
        null,
        27,
        null,
        null,
        null,
        1,
        21,
        10,
        null,
        11,
        null,
        null,
        null,
        1,
        7,
        6,
        6,
        6,
        null,
        null,
        null,
        null
      ]
    },
    "timestamp": 1597457984
  }
}
